0 info it worked if it ends with ok
1 verbose cli [ 'C:\\Program Files\\nodejs\\node.exe',
1 verbose cli   'C:\\Program Files\\nodejs\\node_modules\\npm\\bin\\npm-cli.js',
1 verbose cli   'start' ]
2 info using npm@3.8.3
3 info using node@v5.10.1
4 verbose run-script [ 'prestart', 'start', 'poststart' ]
5 info lifecycle dashing-nodejs@1.0.0~prestart: dashing-nodejs@1.0.0
6 silly lifecycle dashing-nodejs@1.0.0~prestart: no script for prestart, continuing
7 info lifecycle dashing-nodejs@1.0.0~start: dashing-nodejs@1.0.0
8 verbose lifecycle dashing-nodejs@1.0.0~start: unsafe-perm in lifecycle true
9 verbose lifecycle dashing-nodejs@1.0.0~start: PATH: C:\Program Files\nodejs\node_modules\npm\bin\node-gyp-bin;C:\dev\tfs\xslt\node_modules\.bin;C:\Program Files\nodejs;C:\ProgramData\Oracle\Java\javapath;C:\Windows\system32;C:\Windows;C:\Windows\System32\Wbem;C:\Windows\System32\WindowsPowerShell\v1.0\;C:\Program Files\Microsoft SQL Server\120\Tools\Binn\;C:\Program Files\TortoiseSVN\bin;C:\Program Files\nodejs\;C:\Program Files\nuget\;c:\Program Files (x86)\Microsoft SQL Server\100\Tools\Binn\;c:\Program Files\Microsoft SQL Server\100\Tools\Binn\;c:\Program Files\Microsoft SQL Server\100\DTS\Binn\;c:\Program Files (x86)\Microsoft SQL Server\100\Tools\Binn\VSShell\Common7\IDE\;c:\Program Files (x86)\Microsoft SQL Server\100\DTS\Binn\;C:\Program Files\Microsoft DNX\Dnvm\;C:\Program Files (x86)\Heroku\bin;C:\Program Files (x86)\git\cmd;C:\Program Files\Microsoft SQL Server\130\Tools\Binn\;C:\Program Files\Git\cmd;C:\Program Files\Microsoft\Web Platform Installer\;C:\Program Files\dotnet\bin;C:\Program Files\dotnet\;C:\Windows\System32\WindowsPowerShell\v1.0\;C:\Windows\System32\WindowsPowerShell\v1.0\;C:\Windows\System32\WindowsPowerShell\v1.0\;C:\Program Files (x86)\Windows Kits\10\Windows Performance Toolkit\;C:\Users\neradovskiy_kl\.dnx\runtimes\dnx-clr-win-x86.1.0.0-rc1-update2\bin;C:\Users\neradovskiy_kl\.dnx\bin;C:\Users\neradovskiy_kl\AppData\Roaming\npm
10 verbose lifecycle dashing-nodejs@1.0.0~start: CWD: C:\dev\tfs\xslt
11 silly lifecycle dashing-nodejs@1.0.0~start: Args: [ '/d /s /c', 'node test_server.js config.js' ]
12 silly lifecycle dashing-nodejs@1.0.0~start: Returned: code: 1  signal: null
13 info lifecycle dashing-nodejs@1.0.0~start: Failed to exec start script
14 verbose stack Error: dashing-nodejs@1.0.0 start: `node test_server.js config.js`
14 verbose stack Exit status 1
14 verbose stack     at EventEmitter.<anonymous> (C:\Program Files\nodejs\node_modules\npm\lib\utils\lifecycle.js:239:16)
14 verbose stack     at emitTwo (events.js:100:13)
14 verbose stack     at EventEmitter.emit (events.js:185:7)
14 verbose stack     at ChildProcess.<anonymous> (C:\Program Files\nodejs\node_modules\npm\lib\utils\spawn.js:24:14)
14 verbose stack     at emitTwo (events.js:100:13)
14 verbose stack     at ChildProcess.emit (events.js:185:7)
14 verbose stack     at maybeClose (internal/child_process.js:850:16)
14 verbose stack     at Process.ChildProcess._handle.onexit (internal/child_process.js:215:5)
15 verbose pkgid dashing-nodejs@1.0.0
16 verbose cwd C:\dev\tfs\xslt
17 error Windows_NT 6.1.7601
18 error argv "C:\\Program Files\\nodejs\\node.exe" "C:\\Program Files\\nodejs\\node_modules\\npm\\bin\\npm-cli.js" "start"
19 error node v5.10.1
20 error npm  v3.8.3
21 error code ELIFECYCLE
22 error dashing-nodejs@1.0.0 start: `node test_server.js config.js`
22 error Exit status 1
23 error Failed at the dashing-nodejs@1.0.0 start script 'node test_server.js config.js'.
23 error Make sure you have the latest version of node.js and npm installed.
23 error If you do, this is most likely a problem with the dashing-nodejs package,
23 error not with npm itself.
23 error Tell the author that this fails on your system:
23 error     node test_server.js config.js
23 error You can get information on how to open an issue for this project with:
23 error     npm bugs dashing-nodejs
23 error Or if that isn't available, you can get their info via:
23 error     npm owner ls dashing-nodejs
23 error There is likely additional logging output above.
24 verbose exit [ 1, true ]
